[0mCompiling "target/cljsbuild/public/js/app.js" from ["src/cljc" "src/cljs" "env/dev/cljs"]...[0m
[31mFailed to compile "target/cljsbuild/public/js/app.js" in 0.013 seconds.[0m
[36m----  Exception    ----[0m

  clojure.lang.Compiler$CompilerException : [1mjava.lang.RuntimeException: No such var: b/validated, compiling:(/Users/artemchernyak/dev/clojure/picture-gallery/src/cljc/picture_gallery/validation.cljc:6:3)[0m
               java.lang.RuntimeException : [1mNo such var: b/validated[0m

[36m----  Exception Stack Trace  ----[0m

java.lang.RuntimeException: No such var: b/validated
 at clojure.lang.Util.runtimeException (Util.java:221)
    clojure.lang.Compiler.resolveIn (Compiler.java:7138)
    clojure.lang.Compiler.resolve (Compiler.java:7108)
    clojure.lang.Compiler.analyzeSymbol (Compiler.java:7069)
    clojure.lang.Compiler.analyze (Compiler.java:6648)
    clojure.lang.Compiler.analyze (Compiler.java:6625)
    clojure.lang.Compiler$InvokeExpr.parse (Compiler.java:3834)
    clojure.lang.Compiler.analyzeSeq (Compiler.java:6870)
    clojure.lang.Compiler.analyze (Compiler.java:6669)
    clojure.lang.Compiler.analyze (Compiler.java:6625)
    clojure.lang.Compiler$BodyExpr$Parser.parse (Compiler.java:6001)
    clojure.lang.Compiler$LetExpr$Parser.parse (Compiler.java:6319)
    clojure.lang.Compiler.analyzeSeq (Compiler.java:6868)
    clojure.lang.Compiler.analyze (Compiler.java:6669)
    clojure.lang.Compiler.analyzeSeq (Compiler.java:6856)
    clojure.lang.Compiler.analyze (Compiler.java:6669)
    clojure.lang.Compiler.analyze (Compiler.java:6625)
    clojure.lang.Compiler$BodyExpr$Parser.parse (Compiler.java:6001)
    clojure.lang.Compiler$FnMethod.parse (Compiler.java:5380)
    clojure.lang.Compiler$FnExpr.parse (Compiler.java:3972)
    clojure.lang.Compiler.analyzeSeq (Compiler.java:6866)
    clojure.lang.Compiler.analyze (Compiler.java:6669)
    clojure.lang.Compiler.analyzeSeq (Compiler.java:6856)
    clojure.lang.Compiler.analyze (Compiler.java:6669)
    clojure.lang.Compiler.access$300 (Compiler.java:38)
    clojure.lang.Compiler$DefExpr$Parser.parse (Compiler.java:589)
    clojure.lang.Compiler.analyzeSeq (Compiler.java:6868)
    clojure.lang.Compiler.analyze (Compiler.java:6669)
    clojure.lang.Compiler.analyze (Compiler.java:6625)
    clojure.lang.Compiler.eval (Compiler.java:6931)
    clojure.lang.Compiler.load (Compiler.java:7379)
    clojure.lang.Compiler.loadFile (Compiler.java:7317)
    clojure.lang.RT$3.invoke (RT.java:320)
    figwheel_sidecar.build_middleware.clj_reloading$handle_clj_source_reloading.invokeStatic (clj_reloading.clj:77)
    figwheel_sidecar.build_middleware.clj_reloading$handle_clj_source_reloading.invoke (clj_reloading.clj:62)
    figwheel_sidecar.build_middleware.clj_reloading$hook$fn__19894.invoke (clj_reloading.clj:109)
    figwheel_sidecar.build_middleware.javascript_reloading$hook$fn__19940.invoke (javascript_reloading.clj:60)
    figwheel_sidecar.components.cljs_autobuild$figwheel_start_and_end_messages$fn__19980.invoke (cljs_autobuild.clj:48)
    figwheel_sidecar.build_middleware.notifications$hook$fn__19818.invoke (notifications.clj:180)
    figwheel_sidecar.components.cljs_autobuild$color_output$fn__19992.invoke (cljs_autobuild.clj:79)
    figwheel_sidecar.components.cljs_autobuild$execute_build$fn__20029.invoke (cljs_autobuild.clj:220)
    figwheel_sidecar.utils$sync_exec$fn__4995$fn__4996.invoke (utils.clj:13)
    figwheel_sidecar.utils$sync_exec$fn__4995.invoke (utils.clj:12)
    clojure.core$binding_conveyor_fn$fn__4676.invoke (core.clj:1941)
    clojure.lang.AFn.applyToHelper (AFn.java:154)
    clojure.lang.RestFn.applyTo (RestFn.java:132)
    clojure.lang.Agent$Action.doRun (Agent.java:114)
    clojure.lang.Agent$Action.run (Agent.java:163)
    java.util.concurrent.ThreadPoolExecutor.runWorker (ThreadPoolExecutor.java:1142)
    java.util.concurrent.ThreadPoolExecutor$Worker.run (ThreadPoolExecutor.java:617)
    java.lang.Thread.run (Thread.java:745)

[0mCompiling "target/cljsbuild/public/js/app.js" from ["src/cljc" "src/cljs" "env/dev/cljs"]...[0m
[32mSuccessfully compiled "target/cljsbuild/public/js/app.js" in 0.871 seconds.[0m
notifying browser that file changed:  target/cljsbuild/public/js/out/goog/deps.js
notifying browser that file changed:  target/cljsbuild/public/js/out/cljs_deps.js
notifying browser that file changed:  out/picture_gallery/validation.js
[0mCompiling "target/cljsbuild/public/js/app.js" from ["src/cljc" "src/cljs" "env/dev/cljs"]...[0m
[32mSuccessfully compiled "target/cljsbuild/public/js/app.js" in 2.552 seconds.[0m
notifying browser that file changed:  target/cljsbuild/public/js/out/goog/deps.js
notifying browser that file changed:  target/cljsbuild/public/js/out/cljs_deps.js
notifying browser that file changed:  out/picture_gallery/components/common.js
[0mCompiling "target/cljsbuild/public/js/app.js" from ["src/cljc" "src/cljs" "env/dev/cljs"]...[0m
[32mSuccessfully compiled "target/cljsbuild/public/js/app.js" in 0.788 seconds.[0m
notifying browser that file changed:  target/cljsbuild/public/js/out/goog/deps.js
notifying browser that file changed:  target/cljsbuild/public/js/out/cljs_deps.js
notifying browser that file changed:  out/picture_gallery/core.js
[0mCompiling "target/cljsbuild/public/js/app.js" from ["src/cljc" "src/cljs" "env/dev/cljs"]...[0m
[32mSuccessfully compiled "target/cljsbuild/public/js/app.js" in 0.516 seconds.[0m
notifying browser that file changed:  out/picture_gallery/core.js
[0mCompiling "target/cljsbuild/public/js/app.js" from ["src/cljc" "src/cljs" "env/dev/cljs"]...[0m
[32mSuccessfully compiled "target/cljsbuild/public/js/app.js" in 0.479 seconds.[0m
notifying browser that file changed:  out/picture_gallery/core.js
[0mCompiling "target/cljsbuild/public/js/app.js" from ["src/cljc" "src/cljs" "env/dev/cljs"]...[0m
[32mSuccessfully compiled "target/cljsbuild/public/js/app.js" in 0.402 seconds.[0m
notifying browser that file changed:  out/picture_gallery/core.js
[0mCompiling "target/cljsbuild/public/js/app.js" from ["src/cljc" "src/cljs" "env/dev/cljs"]...[0m
[32mSuccessfully compiled "target/cljsbuild/public/js/app.js" in 0.504 seconds.[0m
notifying browser that file changed:  out/picture_gallery/components/common.js
[0mCompiling "target/cljsbuild/public/js/app.js" from ["src/cljc" "src/cljs" "env/dev/cljs"]...[0m
[31mFailed to compile "target/cljsbuild/public/js/app.js" in 0.234 seconds.[0m
[36m----  Could not Analyze  src/cljs/picture_gallery/components/registration.cljs  ----[0m

  [1mNo such namespace: picture-gallery.components, could not locate picture_gallery/components.cljs, picture_gallery/components.cljc, or Closure namespace "picture-gallery.components" [0m

[36m----  Analysis Error : Please see src/cljs/picture_gallery/components/registration.cljs  ----[0m
[0mCompiling "target/cljsbuild/public/js/app.js" from ["src/cljc" "src/cljs" "env/dev/cljs"]...[0m
[32mSuccessfully compiled "target/cljsbuild/public/js/app.js" in 0.289 seconds.[0m
notifying browser that file changed:  target/cljsbuild/public/js/out/cljs_deps.js
notifying browser that file changed:  out/picture_gallery/components/registration.js
[0mCompiling "target/cljsbuild/public/js/app.js" from ["src/cljc" "src/cljs" "env/dev/cljs"]...[0m
[32mSuccessfully compiled "target/cljsbuild/public/js/app.js" in 0.279 seconds.[0m
notifying browser that file changed:  out/picture_gallery/components/registration.js
[0mCompiling "target/cljsbuild/public/js/app.js" from ["src/cljc" "src/cljs" "env/dev/cljs"]...[0m
[32mSuccessfully compiled "target/cljsbuild/public/js/app.js" in 0.335 seconds.[0m
notifying browser that file changed:  out/picture_gallery/core.js
[0mCompiling "target/cljsbuild/public/js/app.js" from ["src/cljc" "src/cljs" "env/dev/cljs"]...[0m
[32mSuccessfully compiled "target/cljsbuild/public/js/app.js" in 0.374 seconds.[0m
notifying browser that file changed:  out/picture_gallery/core.js
[0mCompiling "target/cljsbuild/public/js/app.js" from ["src/cljc" "src/cljs" "env/dev/cljs"]...[0m
[32mSuccessfully compiled "target/cljsbuild/public/js/app.js" in 0.299 seconds.[0m
notifying browser that file changed:  target/cljsbuild/public/js/out/cljs_deps.js
notifying browser that file changed:  out/picture_gallery/core.js
[0mCompiling "target/cljsbuild/public/js/app.js" from ["src/cljc" "src/cljs" "env/dev/cljs"]...[0m
[32mSuccessfully compiled "target/cljsbuild/public/js/app.js" in 0.294 seconds.[0m
notifying browser that file changed:  out/picture_gallery/core.js
[0mCompiling "target/cljsbuild/public/js/app.js" from ["src/cljc" "src/cljs" "env/dev/cljs"]...[0m
[32mSuccessfully compiled "target/cljsbuild/public/js/app.js" in 0.519 seconds.[0m
notifying browser that file changed:  out/picture_gallery/components/common.js
[0mCompiling "target/cljsbuild/public/js/app.js" from ["src/cljc" "src/cljs" "env/dev/cljs"]...[0m
[32mSuccessfully compiled "target/cljsbuild/public/js/app.js" in 0.267 seconds.[0m
notifying browser that file changed:  out/picture_gallery/core.js
[0mCompiling "target/cljsbuild/public/js/app.js" from ["src/cljc" "src/cljs" "env/dev/cljs"]...[0m
[32mSuccessfully compiled "target/cljsbuild/public/js/app.js" in 0.315 seconds.[0m
notifying browser that file changed:  target/cljsbuild/public/js/out/cljs_deps.js
notifying browser that file changed:  out/picture_gallery/components/registration.js
[0mCompiling "target/cljsbuild/public/js/app.js" from ["src/cljc" "src/cljs" "env/dev/cljs"]...[0m
[32mSuccessfully compiled "target/cljsbuild/public/js/app.js" in 0.303 seconds.[0m
notifying browser that file changed:  target/cljsbuild/public/js/out/cljs_deps.js
notifying browser that file changed:  out/picture_gallery/components/registration.js
[0mCompiling "target/cljsbuild/public/js/app.js" from ["src/cljc" "src/cljs" "env/dev/cljs"]...[0m
[32mSuccessfully compiled "target/cljsbuild/public/js/app.js" in 0.313 seconds.[0m
notifying browser that file changed:  target/cljsbuild/public/js/out/cljs_deps.js
notifying browser that file changed:  out/picture_gallery/components/registration.js
[0mCompiling "target/cljsbuild/public/js/app.js" from ["src/cljc" "src/cljs" "env/dev/cljs"]...[0m
[32mSuccessfully compiled "target/cljsbuild/public/js/app.js" in 0.255 seconds.[0m
notifying browser that file changed:  out/picture_gallery/components/registration.js
[0mCompiling "target/cljsbuild/public/js/app.js" from ["src/cljc" "src/cljs" "env/dev/cljs"]...[0m
[36m----  Compiler Warning on   src/cljs/picture_gallery/components/registration.cljs   line:9  column:19  ----[0m

  [1mUse of undeclared Var picture-gallery.components.registration/registratin-errors[0m

  [36m 5[0m  [36m            [reagent.core :refer [atom]][0m
  [36m 6[0m  [36m            [reagent.session :as session]))[0m
  [36m 7[0m  [36m[0m
  [36m 8[0m  [36m(defn register! [fields errors][0m
  [33m 9[0m  [1m  (reset! errors (registratin-errors @fields))[0m
  [0m  [0m  [33m                  ^--- Use of undeclared Var picture-gallery.components.registration/registratin-errors[0m
  [36m10[0m  [36m  (when-not @errors[0m
  [36m11[0m  [36m    (ajaz/POST "/register"[0m
  [36m12[0m  [36m               {:params @fields[0m
  [36m13[0m  [36m                :handler[0m
  [36m14[0m  [36m                #(do[0m

[36m----  Compiler Warning : Please see src/cljs/picture_gallery/components/registration.cljs  ----[0m
[36m----  Compiler Warning on   src/cljs/picture_gallery/components/registration.cljs   line:11  column:6  ----[0m

  [1mNo such namespace: ajaz, could not locate ajaz.cljs, ajaz.cljc, or Closure namespace ""[0m

  [36m 8[0m  [36m(defn register! [fields errors][0m
  [36m 9[0m  [36m  (reset! errors (registratin-errors @fields))[0m
  [36m10[0m  [36m  (when-not @errors[0m
  [33m11[0m  [1m    (ajaz/POST "/register"[0m
  [0m  [0m  [33m     ^--- No such namespace: ajaz, could not locate ajaz.cljs, ajaz.cljc, or Closure namespace ""[0m
  [36m12[0m  [36m               {:params @fields[0m
  [36m13[0m  [36m                :handler[0m
  [36m14[0m  [36m                #(do[0m
  [36m15[0m  [36m                   (session/put! :identity (:id @fields))[0m
  [36m16[0m  [36m                   (reset! fields {}))[0m

[36m----  Compiler Warning : Please see src/cljs/picture_gallery/components/registration.cljs  ----[0m
[36m----  Compiler Warning on   src/cljs/picture_gallery/components/registration.cljs   line:11  column:6  ----[0m

  [1mUse of undeclared Var ajaz/POST[0m

  [36m 8[0m  [36m(defn register! [fields errors][0m
  [36m 9[0m  [36m  (reset! errors (registratin-errors @fields))[0m
  [36m10[0m  [36m  (when-not @errors[0m
  [33m11[0m  [1m    (ajaz/POST "/register"[0m
  [0m  [0m  [33m     ^--- Use of undeclared Var ajaz/POST[0m
  [36m12[0m  [36m               {:params @fields[0m
  [36m13[0m  [36m                :handler[0m
  [36m14[0m  [36m                #(do[0m
  [36m15[0m  [36m                   (session/put! :identity (:id @fields))[0m
  [36m16[0m  [36m                   (reset! fields {}))[0m

[36m----  Compiler Warning : Please see src/cljs/picture_gallery/components/registration.cljs  ----[0m
[32mSuccessfully compiled "target/cljsbuild/public/js/app.js" in 0.442 seconds.[0m
notifying browser that file changed:  out/picture_gallery/components/registration.js
[0mCompiling "target/cljsbuild/public/js/app.js" from ["src/cljc" "src/cljs" "env/dev/cljs"]...[0m
[36m----  Compiler Warning on   src/cljs/picture_gallery/components/registration.cljs   line:11  column:6  ----[0m

  [1mNo such namespace: ajaz, could not locate ajaz.cljs, ajaz.cljc, or Closure namespace ""[0m

  [36m 8[0m  [36m(defn register! [fields errors][0m
  [36m 9[0m  [36m  (reset! errors (registration-errors @fields))[0m
  [36m10[0m  [36m  (when-not @errors[0m
  [33m11[0m  [1m    (ajaz/POST "/register"[0m
  [0m  [0m  [33m     ^--- No such namespace: ajaz, could not locate ajaz.cljs, ajaz.cljc, or Closure namespace ""[0m
  [36m12[0m  [36m               {:params @fields[0m
  [36m13[0m  [36m                :handler[0m
  [36m14[0m  [36m                #(do[0m
  [36m15[0m  [36m                   (session/put! :identity (:id @fields))[0m
  [36m16[0m  [36m                   (reset! fields {}))[0m

[36m----  Compiler Warning : Please see src/cljs/picture_gallery/components/registration.cljs  ----[0m
[36m----  Compiler Warning on   src/cljs/picture_gallery/components/registration.cljs   line:11  column:6  ----[0m

  [1mUse of undeclared Var ajaz/POST[0m

  [36m 8[0m  [36m(defn register! [fields errors][0m
  [36m 9[0m  [36m  (reset! errors (registration-errors @fields))[0m
  [36m10[0m  [36m  (when-not @errors[0m
  [33m11[0m  [1m    (ajaz/POST "/register"[0m
  [0m  [0m  [33m     ^--- Use of undeclared Var ajaz/POST[0m
  [36m12[0m  [36m               {:params @fields[0m
  [36m13[0m  [36m                :handler[0m
  [36m14[0m  [36m                #(do[0m
  [36m15[0m  [36m                   (session/put! :identity (:id @fields))[0m
  [36m16[0m  [36m                   (reset! fields {}))[0m

[36m----  Compiler Warning : Please see src/cljs/picture_gallery/components/registration.cljs  ----[0m
[32mSuccessfully compiled "target/cljsbuild/public/js/app.js" in 0.353 seconds.[0m
notifying browser that file changed:  out/picture_gallery/components/registration.js
[0mCompiling "target/cljsbuild/public/js/app.js" from ["src/cljc" "src/cljs" "env/dev/cljs"]...[0m
[32mSuccessfully compiled "target/cljsbuild/public/js/app.js" in 0.33 seconds.[0m
notifying browser that file changed:  out/picture_gallery/components/registration.js
[0mCompiling "target/cljsbuild/public/js/app.js" from ["src/cljc" "src/cljs" "env/dev/cljs"]...[0m
[32mSuccessfully compiled "target/cljsbuild/public/js/app.js" in 0.305 seconds.[0m
notifying browser that file changed:  out/picture_gallery/components/registration.js
[0mCompiling "target/cljsbuild/public/js/app.js" from ["src/cljc" "src/cljs" "env/dev/cljs"]...[0m
[32mSuccessfully compiled "target/cljsbuild/public/js/app.js" in 0.468 seconds.[0m
notifying browser that file changed:  out/picture_gallery/core.js
[0mCompiling "target/cljsbuild/public/js/app.js" from ["src/cljc" "src/cljs" "env/dev/cljs"]...[0m
[32mSuccessfully compiled "target/cljsbuild/public/js/app.js" in 0.358 seconds.[0m
notifying browser that file changed:  out/picture_gallery/components/registration.js
[0mCompiling "target/cljsbuild/public/js/app.js" from ["src/cljc" "src/cljs" "env/dev/cljs"]...[0m
[32mSuccessfully compiled "target/cljsbuild/public/js/app.js" in 0.28 seconds.[0m
notifying browser that file changed:  out/picture_gallery/core.js
[0mCompiling "target/cljsbuild/public/js/app.js" from ["src/cljc" "src/cljs" "env/dev/cljs"]...[0m
[32mSuccessfully compiled "target/cljsbuild/public/js/app.js" in 0.295 seconds.[0m
notifying browser that file changed:  out/picture_gallery/core.js
[0mCompiling "target/cljsbuild/public/js/app.js" from ["src/cljc" "src/cljs" "env/dev/cljs"]...[0m
[32mSuccessfully compiled "target/cljsbuild/public/js/app.js" in 0.299 seconds.[0m
notifying browser that file changed:  out/picture_gallery/core.js
[0mCompiling "target/cljsbuild/public/js/app.js" from ["src/cljc" "src/cljs" "env/dev/cljs"]...[0m
[32mSuccessfully compiled "target/cljsbuild/public/js/app.js" in 0.311 seconds.[0m
notifying browser that file changed:  out/picture_gallery/core.js
[0mCompiling "target/cljsbuild/public/js/app.js" from ["src/cljc" "src/cljs" "env/dev/cljs"]...[0m
[32mSuccessfully compiled "target/cljsbuild/public/js/app.js" in 0.324 seconds.[0m
notifying browser that file changed:  out/picture_gallery/components/registration.js
[0mCompiling "target/cljsbuild/public/js/app.js" from ["src/cljc" "src/cljs" "env/dev/cljs"]...[0m
[32mSuccessfully compiled "target/cljsbuild/public/js/app.js" in 0.355 seconds.[0m
notifying browser that file changed:  out/picture_gallery/validation.js
[0mCompiling "target/cljsbuild/public/js/app.js" from ["src/cljc" "src/cljs" "env/dev/cljs"]...[0m
[32mSuccessfully compiled "target/cljsbuild/public/js/app.js" in 0.412 seconds.[0m
notifying browser that file changed:  out/picture_gallery/validation.js
[0mCompiling "target/cljsbuild/public/js/app.js" from ["src/cljc" "src/cljs" "env/dev/cljs"]...[0m
[32mSuccessfully compiled "target/cljsbuild/public/js/app.js" in 0.322 seconds.[0m
notifying browser that file changed:  out/picture_gallery/validation.js
[0mCompiling "target/cljsbuild/public/js/app.js" from ["src/cljc" "src/cljs" "env/dev/cljs"]...[0m
[32mSuccessfully compiled "target/cljsbuild/public/js/app.js" in 0.314 seconds.[0m
notifying browser that file changed:  out/picture_gallery/validation.js
[0mCompiling "target/cljsbuild/public/js/app.js" from ["src/cljc" "src/cljs" "env/dev/cljs"]...[0m
[32mSuccessfully compiled "target/cljsbuild/public/js/app.js" in 0.316 seconds.[0m
notifying browser that file changed:  out/picture_gallery/components/registration.js
[0mCompiling "target/cljsbuild/public/js/app.js" from ["src/cljc" "src/cljs" "env/dev/cljs"]...[0m
[32mSuccessfully compiled "target/cljsbuild/public/js/app.js" in 0.29 seconds.[0m
notifying browser that file changed:  out/picture_gallery/validation.js
[0mCompiling "target/cljsbuild/public/js/app.js" from ["src/cljc" "src/cljs" "env/dev/cljs"]...[0m
[32mSuccessfully compiled "target/cljsbuild/public/js/app.js" in 0.295 seconds.[0m
notifying browser that file changed:  out/picture_gallery/validation.js
[0mCompiling "target/cljsbuild/public/js/app.js" from ["src/cljc" "src/cljs" "env/dev/cljs"]...[0m
[32mSuccessfully compiled "target/cljsbuild/public/js/app.js" in 0.279 seconds.[0m
notifying browser that file changed:  out/picture_gallery/components/registration.js
[0mCompiling "target/cljsbuild/public/js/app.js" from ["src/cljc" "src/cljs" "env/dev/cljs"]...[0m
[32mSuccessfully compiled "target/cljsbuild/public/js/app.js" in 0.254 seconds.[0m
notifying browser that file changed:  out/picture_gallery/components/registration.js
[0mCompiling "target/cljsbuild/public/js/app.js" from ["src/cljc" "src/cljs" "env/dev/cljs"]...[0m
[32mSuccessfully compiled "target/cljsbuild/public/js/app.js" in 0.243 seconds.[0m
notifying browser that file changed:  out/picture_gallery/components/registration.js
[0mCompiling "target/cljsbuild/public/js/app.js" from ["src/cljc" "src/cljs" "env/dev/cljs"]...[0m
[32mSuccessfully compiled "target/cljsbuild/public/js/app.js" in 0.259 seconds.[0m
notifying browser that file changed:  out/picture_gallery/components/registration.js
